C:\xampp\htdocs\ShyCalendar\dist\out-tsc\src\app\services\globals.service.js
C:\xampp\htdocs\ShyCalendar\dist\out-tsc\src\app\services\globals.service.js.map
C:\xampp\htdocs\ShyCalendar\dist\out-tsc\src\app\app.component.js
C:\xampp\htdocs\ShyCalendar\dist\out-tsc\src\app\app.component.js.map
C:\xampp\htdocs\ShyCalendar\dist\out-tsc\src\app\components\calendar\calendar.component.js
C:\xampp\htdocs\ShyCalendar\dist\out-tsc\src\app\components\calendar\calendar.component.js.map
C:\xampp\htdocs\ShyCalendar\dist\out-tsc\src\app\components\header\header.component.js
C:\xampp\htdocs\ShyCalendar\dist\out-tsc\src\app\components\header\header.component.js.map
C:\xampp\htdocs\ShyCalendar\dist\out-tsc\src\app\components\footer\footer.component.js
C:\xampp\htdocs\ShyCalendar\dist\out-tsc\src\app\components\footer\footer.component.js.map
C:\xampp\htdocs\ShyCalendar\dist\out-tsc\src\app\app.module.js
C:\xampp\htdocs\ShyCalendar\dist\out-tsc\src\app\app.module.js.map
C:\xampp\htdocs\ShyCalendar\dist\out-tsc\src\environments\environment.js
C:\xampp\htdocs\ShyCalendar\dist\out-tsc\src\environments\environment.js.map
C:\xampp\htdocs\ShyCalendar\dist\out-tsc\src\main.js
C:\xampp\htdocs\ShyCalendar\dist\out-tsc\src\main.js.map
C:\xampp\htdocs\ShyCalendar\dist\out-tsc\src\polyfills.js
C:\xampp\htdocs\ShyCalendar\dist\out-tsc\src\polyfills.js.map
C:\xampp\htdocs\ShyCalendar\dist\out-tsc\src\test.js
C:\xampp\htdocs\ShyCalendar\dist\out-tsc\src\test.js.map
C:\xampp\htdocs\ShyCalendar\dist\out-tsc\src\environments\environment.prod.js
C:\xampp\htdocs\ShyCalendar\dist\out-tsc\src\environments\environment.prod.js.map
C:\xampp\htdocs\ShyCalendar\dist\out-tsc\src\app\app.component.spec.js
C:\xampp\htdocs\ShyCalendar\dist\out-tsc\src\app\app.component.spec.js.map
C:\xampp\htdocs\ShyCalendar\dist\out-tsc\src\app\services\globals.service.spec.js
C:\xampp\htdocs\ShyCalendar\dist\out-tsc\src\app\services\globals.service.spec.js.map
C:\xampp\htdocs\ShyCalendar\dist\out-tsc\src\app\components\header\header.component.spec.js
C:\xampp\htdocs\ShyCalendar\dist\out-tsc\src\app\components\header\header.component.spec.js.map
C:\xampp\htdocs\ShyCalendar\dist\out-tsc\src\app\components\footer\footer.component.spec.js
C:\xampp\htdocs\ShyCalendar\dist\out-tsc\src\app\components\footer\footer.component.spec.js.map
C:\xampp\htdocs\ShyCalendar\dist\out-tsc\src\app\components\calendar\calendar.component.spec.js
C:\xampp\htdocs\ShyCalendar\dist\out-tsc\src\app\components\calendar\calendar.component.spec.js.map
C:\xampp\htdocs\ShyCalendar\dist\out-tsc\e2e\app.po.js
C:\xampp\htdocs\ShyCalendar\dist\out-tsc\e2e\app.po.js.map
C:\xampp\htdocs\ShyCalendar\dist\out-tsc\e2e\app.e2e-spec.js
C:\xampp\htdocs\ShyCalendar\dist\out-tsc\e2e\app.e2e-spec.js.map
